<?xml version="1.0" encoding="utf-8"?><testsuites name="pytest tests"><testsuite name="pytest" errors="1" failures="0" skipped="0" tests="1" time="43.252" timestamp="2026-07-19T23:21:59.775061-04:00" hostname="DESKTOP-N66626H"><testcase classname="" name="tests.test_section14_required" time="0.000"><error message="collection failure">ImportError while importing test module '/mnt/c/Users/nejat/OneDrive/Desktop/UN/Skills/GitHub 2026/budgetmem-r/tests/test_section14_required.py'.
Hint: make sure your test modules/packages have valid Python names.
Traceback:
/usr/lib/python3.12/importlib/__init__.py:90: in import_module
    return _bootstrap._gcd_import(name[level:], package, level)
           ^^^^^^^^^^^^^^^^^^^^^^^^^^^^^^^^^^^^^^^^^^^^^^^^^^^^
tests/test_section14_required.py:9: in &lt;module&gt;
    from section14_runtime import (
E   ModuleNotFoundError: No module named 'section14_runtime'</error></testcase></testsuite></testsuites>