<?xml version="1.0" encoding="utf-8"?><testsuites name="pytest tests"><testsuite name="pytest" errors="0" failures="17" skipped="0" tests="35" time="103.067" timestamp="2026-07-19T23:54:56.787628-04:00" hostname="DESKTOP-N66626H"><testcase classname="tests.test_section14_required" name="test_14_01_budget_correctness_every_forward_step" time="30.734"><failure message="section14_runtime.Section14DiscoveryError: No compatible synthetic input was found for the discovered model. Attempts:&#10;shape=(2, 12), dtype=torch.int64: ValueError: inputs must have shape [batch, sequence, input_dim]&#10;shape=(2, 12, 16), dtype=torch.float32: ValueError: Expected input_dim=8, received 16&#10;shape=(2, 12, 16), dtype=torch.float32: ValueError: Expected input_dim=8, received 16&#10;shape=(12, 2), dtype=torch.int64: ValueError: inputs must have shape [batch, sequence, input_dim]&#10;shape=(12, 2, 16), dtype=torch.float32: ValueError: Expected input_dim=8, received 16">def test_14_01_budget_correctness_every_forward_step() -&gt; None:
        budget = 4
        model = build_model(seed=2026, budget=budget)
        model.eval()
        encourage_writes(model)
&gt;       x = compatible_input(model, seq_len=12)
            ^^^^^^^^^^^^^^^^^^^^^^^^^^^^^^^^^^^

tests/test_section14_required.py:72: 
_ _ _ _ _ _ _ _ _ _ _ _ _ _ _ _ _ _ _ _ _ _ _ _ _ _ _ _ _ _ _ _ _ _ _ _ _ _ _ _ 

model = BudgetMemR(
  (recurrent_cell): GRUCell(8, 16)
  (key_projection): Linear(in_features=16, out_features=8, bias=False)
...ures=64, bias=True)
    (1): SiLU()
    (2): Linear(in_features=64, out_features=1, bias=True)
    (3): Sigmoid()
  )
)
seq_len = 12

    def compatible_input(model: nn.Module, seq_len: int = 12) -&gt; Tensor:
        failures: list[str] = []
        for x in _candidate_inputs(model, seq_len=seq_len):
            try:
                reset_memory(model, require=False)
                with torch.no_grad():
                    invoke(model, x, reset=True)
                return x
            except Exception as exc:
                failures.append(f"shape={tuple(x.shape)}, dtype={x.dtype}: {type(exc).__name__}: {exc}")
&gt;       raise Section14DiscoveryError(
            "No compatible synthetic input was found for the discovered model. Attempts:\n"
            + "\n".join(failures)
        )
E       section14_runtime.Section14DiscoveryError: No compatible synthetic input was found for the discovered model. Attempts:
E       shape=(2, 12), dtype=torch.int64: ValueError: inputs must have shape [batch, sequence, input_dim]
E       shape=(2, 12, 16), dtype=torch.float32: ValueError: Expected input_dim=8, received 16
E       shape=(2, 12, 16), dtype=torch.float32: ValueError: Expected input_dim=8, received 16
E       shape=(12, 2), dtype=torch.int64: ValueError: inputs must have shape [batch, sequence, input_dim]
E       shape=(12, 2, 16), dtype=torch.float32: ValueError: Expected input_dim=8, received 16

tests/section14_runtime.py:438: Section14DiscoveryError</failure></testcase><testcase classname="tests.test_section14_required" name="test_14_02_causality_future_tokens_do_not_change_earlier_steps" time="0.583"><failure message="section14_runtime.Section14DiscoveryError: No compatible synthetic input was found for the discovered model. Attempts:&#10;shape=(2, 12), dtype=torch.int64: ValueError: inputs must have shape [batch, sequence, input_dim]&#10;shape=(2, 12, 16), dtype=torch.float32: ValueError: Expected input_dim=8, received 16&#10;shape=(2, 12, 16), dtype=torch.float32: ValueError: Expected input_dim=8, received 16&#10;shape=(12, 2), dtype=torch.int64: ValueError: inputs must have shape [batch, sequence, input_dim]&#10;shape=(12, 2, 16), dtype=torch.float32: ValueError: Expected input_dim=8, received 16">def test_14_02_causality_future_tokens_do_not_change_earlier_steps() -&gt; None:
        seed = 2026
        model_a = build_model(seed=seed, budget=4)
        model_b = build_model(seed=seed, budget=4)
        assert state_dict_equal(model_a, model_b), "Models are not identically initialized."
    
        model_a.eval()
        model_b.eval()
&gt;       x = compatible_input(model_a, seq_len=12)
            ^^^^^^^^^^^^^^^^^^^^^^^^^^^^^^^^^^^^^

tests/test_section14_required.py:101: 
_ _ _ _ _ _ _ _ _ _ _ _ _ _ _ _ _ _ _ _ _ _ _ _ _ _ _ _ _ _ _ _ _ _ _ _ _ _ _ _ 

model = BudgetMemR(
  (recurrent_cell): GRUCell(8, 16)
  (key_projection): Linear(in_features=16, out_features=8, bias=False)
...ures=64, bias=True)
    (1): SiLU()
    (2): Linear(in_features=64, out_features=1, bias=True)
    (3): Sigmoid()
  )
)
seq_len = 12

    def compatible_input(model: nn.Module, seq_len: int = 12) -&gt; Tensor:
        failures: list[str] = []
        for x in _candidate_inputs(model, seq_len=seq_len):
            try:
                reset_memory(model, require=False)
                with torch.no_grad():
                    invoke(model, x, reset=True)
                return x
            except Exception as exc:
                failures.append(f"shape={tuple(x.shape)}, dtype={x.dtype}: {type(exc).__name__}: {exc}")
&gt;       raise Section14DiscoveryError(
            "No compatible synthetic input was found for the discovered model. Attempts:\n"
            + "\n".join(failures)
        )
E       section14_runtime.Section14DiscoveryError: No compatible synthetic input was found for the discovered model. Attempts:
E       shape=(2, 12), dtype=torch.int64: ValueError: inputs must have shape [batch, sequence, input_dim]
E       shape=(2, 12, 16), dtype=torch.float32: ValueError: Expected input_dim=8, received 16
E       shape=(2, 12, 16), dtype=torch.float32: ValueError: Expected input_dim=8, received 16
E       shape=(12, 2), dtype=torch.int64: ValueError: inputs must have shape [batch, sequence, input_dim]
E       shape=(12, 2, 16), dtype=torch.float32: ValueError: Expected input_dim=8, received 16

tests/section14_runtime.py:438: Section14DiscoveryError</failure></testcase><testcase classname="tests.test_section14_required" name="test_14_03_deterministic_dataset_generation" time="0.440"><failure message="KeyError: 0">def test_14_03_deterministic_dataset_generation() -&gt; None:
        try:
            first = build_synthetic_dataset(seed=2026, split="train")
            second = build_synthetic_dataset(seed=2026, split="train")
        except Section14DiscoveryError:
            assert existing_test_has(
                ("synthetic", "dataset"),
                ("determin", "same seed", "reproduc"),
            ), (
                "Synthetic dataset factory was not discovered and no existing deterministic "
                "synthetic-dataset test was found."
            )
            return
    
&gt;       assert dataset_fingerprint(first) == dataset_fingerprint(second), (
               ^^^^^^^^^^^^^^^^^^^^^^^^^^
            "The same synthetic seed and configuration produced different datasets."
        )

tests/test_section14_required.py:157: 
_ _ _ _ _ _ _ _ _ _ _ _ _ _ _ _ _ _ _ _ _ _ _ _ _ _ _ _ _ _ _ _ _ _ _ _ _ _ _ _ 

dataset = {'input': array([[294,   0],
       [612,   0],
       [ 69,   1],
       [128,   2],
       [715,   0],
       [860, ...,   3]]), 'target': array([191]), 'relevant_positions': [14, 15], 'distractor_positions': [0, 1, 2, 3, 4, 5, ...], ...}
limit = 16

    def dataset_fingerprint(dataset: Any, limit: int = 16) -&gt; str:
        digest = hashlib.sha256()
        if hasattr(dataset, "__len__") and hasattr(dataset, "__getitem__"):
            count = min(int(len(dataset)), limit)
            for index in range(count):
&gt;               digest.update(_stable_serialize(dataset[index]))
                                                ^^^^^^^^^^^^^^
E               KeyError: 0

tests/section14_runtime.py:850: KeyError</failure></testcase><testcase classname="tests.test_section14_required" name="test_14_04_deterministic_initialization" time="0.581" /><testcase classname="tests.test_section14_required" name="test_14_05_deterministic_training_order" time="0.225" /><testcase classname="tests.test_section14_required" name="test_14_06_deterministic_evaluation_output" time="0.569"><failure message="section14_runtime.Section14DiscoveryError: No compatible synthetic input was found for the discovered model. Attempts:&#10;shape=(2, 10), dtype=torch.int64: ValueError: inputs must have shape [batch, sequence, input_dim]&#10;shape=(2, 10, 16), dtype=torch.float32: ValueError: Expected input_dim=8, received 16&#10;shape=(2, 10, 16), dtype=torch.float32: ValueError: Expected input_dim=8, received 16&#10;shape=(10, 2), dtype=torch.int64: ValueError: inputs must have shape [batch, sequence, input_dim]&#10;shape=(10, 2, 16), dtype=torch.float32: ValueError: Expected input_dim=8, received 16">def test_14_06_deterministic_evaluation_output() -&gt; None:
        first = build_model(seed=2026, budget=4)
        second = build_model(seed=2026, budget=4)
        second.load_state_dict(copy.deepcopy(first.state_dict()))
        first.eval()
        second.eval()
&gt;       x = compatible_input(first, seq_len=10)
            ^^^^^^^^^^^^^^^^^^^^^^^^^^^^^^^^^^^

tests/test_section14_required.py:194: 
_ _ _ _ _ _ _ _ _ _ _ _ _ _ _ _ _ _ _ _ _ _ _ _ _ _ _ _ _ _ _ _ _ _ _ _ _ _ _ _ 

model = BudgetMemR(
  (recurrent_cell): GRUCell(8, 16)
  (key_projection): Linear(in_features=16, out_features=8, bias=False)
...ures=64, bias=True)
    (1): SiLU()
    (2): Linear(in_features=64, out_features=1, bias=True)
    (3): Sigmoid()
  )
)
seq_len = 10

    def compatible_input(model: nn.Module, seq_len: int = 12) -&gt; Tensor:
        failures: list[str] = []
        for x in _candidate_inputs(model, seq_len=seq_len):
            try:
                reset_memory(model, require=False)
                with torch.no_grad():
                    invoke(model, x, reset=True)
                return x
            except Exception as exc:
                failures.append(f"shape={tuple(x.shape)}, dtype={x.dtype}: {type(exc).__name__}: {exc}")
&gt;       raise Section14DiscoveryError(
            "No compatible synthetic input was found for the discovered model. Attempts:\n"
            + "\n".join(failures)
        )
E       section14_runtime.Section14DiscoveryError: No compatible synthetic input was found for the discovered model. Attempts:
E       shape=(2, 10), dtype=torch.int64: ValueError: inputs must have shape [batch, sequence, input_dim]
E       shape=(2, 10, 16), dtype=torch.float32: ValueError: Expected input_dim=8, received 16
E       shape=(2, 10, 16), dtype=torch.float32: ValueError: Expected input_dim=8, received 16
E       shape=(10, 2), dtype=torch.int64: ValueError: inputs must have shape [batch, sequence, input_dim]
E       shape=(10, 2, 16), dtype=torch.float32: ValueError: Expected input_dim=8, received 16

tests/section14_runtime.py:438: Section14DiscoveryError</failure></testcase><testcase classname="tests.test_section14_required" name="test_14_07_synthetic_seeds_do_not_overlap" time="0.443" /><testcase classname="tests.test_section14_required" name="test_14_08_hdfs_block_ids_do_not_overlap" time="45.552"><failure message="AssertionError: HDFS validation block IDs and HDFS test block IDs overlap. Overlap count=1076; sample=['36e8597e6253a358307cedde3eee8a3c171dbb9437f5a94f3540c6fb6f404e41', '5a6588569b4e5dd41d7c63a1ed4708f7f6afb7550768e2120911fabe989d5a04', 'a9bcda8ee57dc1349f9e1e191ce8ff388bfb89bd02690ea02e6829a7b3ca8420', '6dcf7343d823d09b3a12fc3f6b78ed4f44aee3fa4716a7469089a4035671873c', 'ee415b9077f767d734e4e8b137094eaed7715d63c9b13ab3b5d48f0b34ecc5bd']&#10;assert not {'0016b84f3949f649498252e4b0f939205a30e5fe3656ba4bf1a60109cf88e70a', '00737b976f412cdb80c23cd569690a8c0af71b674373d506...5b6561922d8a75c862877997175a0dfb3c3fd99fd053', '010e6dfda9be9a66256feb437832a2fbdc14a9f136201af48b9589bed620cad8', ...}">def test_14_08_hdfs_block_ids_do_not_overlap() -&gt; None:
        identities = local_split_identities(
            "hdfs",
            ("block_id", "blockid", "block", "id"),
        )
        if all(identities.values()):
            _assert_no_overlap("HDFS train block IDs", identities["train"], "HDFS validation block IDs", identities["validation"])
            _assert_no_overlap("HDFS train block IDs", identities["train"], "HDFS test block IDs", identities["test"])
&gt;           _assert_no_overlap("HDFS validation block IDs", identities["validation"], "HDFS test block IDs", identities["test"])

tests/test_section14_required.py:234: 
_ _ _ _ _ _ _ _ _ _ _ _ _ _ _ _ _ _ _ _ _ _ _ _ _ _ _ _ _ _ _ _ _ _ _ _ _ _ _ _ 

left_name = 'HDFS validation block IDs'
left = {'0000736555729ebf8f7619b630724e5fb941cdd10e91a3d2d623599e0f4007e1', '0000bb100e882c03576c9c434a6267cfb8d64c45c9d93120...2fa867ecfebee955fdff415a6f414301179edca2865d', '000260a1c380a294e64d6aa72d2feeab1871495d3800d24cde120f8ea97580cd', ...}
right_name = 'HDFS test block IDs'
right = {'000015e1af0c39b3446d14a18caed9fb195cec3d580007bb66ba5b7420b0468f', '0002c9fb4276276a450169a696d3141d7e20241d2673877a...2244e1579689dcb969a72f7ba9f74bd6bfb4f631dbce', '00060b1eaeff15eb4b02d411a846659c868a0167c512fd8b54b414440d3b2541', ...}

    def _assert_no_overlap(
        left_name: str,
        left: set[object],
        right_name: str,
        right: set[object],
    ) -&gt; None:
        overlap = left &amp; right
&gt;       assert not overlap, (
            f"{left_name} and {right_name} overlap. "
            f"Overlap count={len(overlap)}; sample={list(overlap)[:5]}"
        )
E       AssertionError: HDFS validation block IDs and HDFS test block IDs overlap. Overlap count=1076; sample=['36e8597e6253a358307cedde3eee8a3c171dbb9437f5a94f3540c6fb6f404e41', '5a6588569b4e5dd41d7c63a1ed4708f7f6afb7550768e2120911fabe989d5a04', 'a9bcda8ee57dc1349f9e1e191ce8ff388bfb89bd02690ea02e6829a7b3ca8420', '6dcf7343d823d09b3a12fc3f6b78ed4f44aee3fa4716a7469089a4035671873c', 'ee415b9077f767d734e4e8b137094eaed7715d63c9b13ab3b5d48f0b34ecc5bd']
E       assert not {'0016b84f3949f649498252e4b0f939205a30e5fe3656ba4bf1a60109cf88e70a', '00737b976f412cdb80c23cd569690a8c0af71b674373d506...5b6561922d8a75c862877997175a0dfb3c3fd99fd053', '010e6dfda9be9a66256feb437832a2fbdc14a9f136201af48b9589bed620cad8', ...}

tests/test_section14_required.py:61: AssertionError</failure></testcase><testcase classname="tests.test_section14_required" name="test_14_09_imdb_test_examples_not_in_train_or_validation" time="6.478"><failure message="AssertionError: IMDb train examples and IMDb official test examples overlap. Overlap count=111; sample=['8fc3c22ffc7b2ac49e6e5dd0546b0148bc0917f489d20f75cf41efea80322869', '0ba6a9d04a7ca6f94f65b7686d4489cfa4ad4345fd397b472b66ecc7a93b353e', 'fad988b5ba73250b2655d5dd1e41706c697635e2a18b18a2c27a14aaf4be8153', '88b0e4f703a7d1f93ee4fdf0936a6cba30391a4aaf078c567b03492f4974bd49', 'c93088c0a82617a456392139ce83f842e2e5e522b6492774cb833b034324d0d6']&#10;assert not {'011e8663d9447492d45d42f75d15e1d5cc0785417a0688d1d7964f10f976e1a6', '032e389b75ac2a7532d0288c717a675f0303ca9525e4e1cd...bfa4f5b37e33b56747b483dd95ce06df26a72fe44184', '0a8a8468e8866f975f173234fe98065e0c6251ad7fed0873437e3ef3510d3820', ...}">def test_14_09_imdb_test_examples_not_in_train_or_validation() -&gt; None:
        identities = local_split_identities(
            "imdb",
            ("text", "review", "content", "sentence", "example_id", "id"),
        )
        if identities["test"] and (identities["train"] or identities["validation"]):
&gt;           _assert_no_overlap("IMDb train examples", identities["train"], "IMDb official test examples", identities["test"])

tests/test_section14_required.py:253: 
_ _ _ _ _ _ _ _ _ _ _ _ _ _ _ _ _ _ _ _ _ _ _ _ _ _ _ _ _ _ _ _ _ _ _ _ _ _ _ _ 

left_name = 'IMDb train examples'
left = {'00008ec0634b4913256640a57e47eebed9eb84b82db8c64c5454cfd5c9f37757', '00009d65489a12e1cfc1792b9a145f21a1a867deb23ac090...905dd8a20654a95bd51533c189bb5307a811ed7f2bc0', '000c66ec00d1c35b7bed4141068ca449bb1439b211ce91b1d69c2ed754a40786', ...}
right_name = 'IMDb official test examples'
right = {'0006bbe6e89fcd304f525a8252b11613e58e4fd8ba8191e6e38db531923e59f5', '000d0169055ede575221339cc924461120313cc237628518...8d9c5d3a173e22e6c9123d30a334516ba76fe32c7690', '0013fad67e05b34397f9177cb2b14b03bf71634bed7d4360f778843ce030f64f', ...}

    def _assert_no_overlap(
        left_name: str,
        left: set[object],
        right_name: str,
        right: set[object],
    ) -&gt; None:
        overlap = left &amp; right
&gt;       assert not overlap, (
            f"{left_name} and {right_name} overlap. "
            f"Overlap count={len(overlap)}; sample={list(overlap)[:5]}"
        )
E       AssertionError: IMDb train examples and IMDb official test examples overlap. Overlap count=111; sample=['8fc3c22ffc7b2ac49e6e5dd0546b0148bc0917f489d20f75cf41efea80322869', '0ba6a9d04a7ca6f94f65b7686d4489cfa4ad4345fd397b472b66ecc7a93b353e', 'fad988b5ba73250b2655d5dd1e41706c697635e2a18b18a2c27a14aaf4be8153', '88b0e4f703a7d1f93ee4fdf0936a6cba30391a4aaf078c567b03492f4974bd49', 'c93088c0a82617a456392139ce83f842e2e5e522b6492774cb833b034324d0d6']
E       assert not {'011e8663d9447492d45d42f75d15e1d5cc0785417a0688d1d7964f10f976e1a6', '032e389b75ac2a7532d0288c717a675f0303ca9525e4e1cd...bfa4f5b37e33b56747b483dd95ce06df26a72fe44184', '0a8a8468e8866f975f173234fe98065e0c6251ad7fed0873437e3ef3510d3820', ...}

tests/test_section14_required.py:61: AssertionError</failure></testcase><testcase classname="tests.test_section14_required" name="test_14_10_memory_controller_parameters_receive_gradients" time="0.367"><failure message="section14_runtime.Section14DiscoveryError: No compatible synthetic input was found for the discovered model. Attempts:&#10;shape=(2, 10), dtype=torch.int64: ValueError: inputs must have shape [batch, sequence, input_dim]&#10;shape=(2, 10, 16), dtype=torch.float32: ValueError: Expected input_dim=8, received 16&#10;shape=(2, 10, 16), dtype=torch.float32: ValueError: Expected input_dim=8, received 16&#10;shape=(10, 2), dtype=torch.int64: ValueError: inputs must have shape [batch, sequence, input_dim]&#10;shape=(10, 2, 16), dtype=torch.float32: ValueError: Expected input_dim=8, received 16">def test_14_10_memory_controller_parameters_receive_gradients() -&gt; None:
        model = build_model(seed=2026, budget=4, force_detach=False)
        model.train()
        encourage_writes(model)
&gt;       x = compatible_input(model, seq_len=10)
            ^^^^^^^^^^^^^^^^^^^^^^^^^^^^^^^^^^^

tests/test_section14_required.py:272: 
_ _ _ _ _ _ _ _ _ _ _ _ _ _ _ _ _ _ _ _ _ _ _ _ _ _ _ _ _ _ _ _ _ _ _ _ _ _ _ _ 

model = BudgetMemR(
  (recurrent_cell): GRUCell(8, 16)
  (key_projection): Linear(in_features=16, out_features=8, bias=False)
...ures=64, bias=True)
    (1): SiLU()
    (2): Linear(in_features=64, out_features=1, bias=True)
    (3): Sigmoid()
  )
)
seq_len = 10

    def compatible_input(model: nn.Module, seq_len: int = 12) -&gt; Tensor:
        failures: list[str] = []
        for x in _candidate_inputs(model, seq_len=seq_len):
            try:
                reset_memory(model, require=False)
                with torch.no_grad():
                    invoke(model, x, reset=True)
                return x
            except Exception as exc:
                failures.append(f"shape={tuple(x.shape)}, dtype={x.dtype}: {type(exc).__name__}: {exc}")
&gt;       raise Section14DiscoveryError(
            "No compatible synthetic input was found for the discovered model. Attempts:\n"
            + "\n".join(failures)
        )
E       section14_runtime.Section14DiscoveryError: No compatible synthetic input was found for the discovered model. Attempts:
E       shape=(2, 10), dtype=torch.int64: ValueError: inputs must have shape [batch, sequence, input_dim]
E       shape=(2, 10, 16), dtype=torch.float32: ValueError: Expected input_dim=8, received 16
E       shape=(2, 10, 16), dtype=torch.float32: ValueError: Expected input_dim=8, received 16
E       shape=(10, 2), dtype=torch.int64: ValueError: inputs must have shape [batch, sequence, input_dim]
E       shape=(10, 2, 16), dtype=torch.float32: ValueError: Expected input_dim=8, received 16

tests/section14_runtime.py:438: Section14DiscoveryError</failure></testcase><testcase classname="tests.test_section14_required" name="test_14_11_detached_cached_states_are_intentionally_detached" time="0.726" /><testcase classname="tests.test_section14_required" name="test_14_12_trainable_cached_states_remain_connected" time="0.440"><failure message="AssertionError: No explicit trainable cached-state path was found. Expose a configuration such as detach_cached_states=False or trainable_memory=True.&#10;assert False">def test_14_12_trainable_cached_states_remain_connected() -&gt; None:
        evidence = cache_graph_policy_evidence()
&gt;       assert evidence["trainable_path"], (
            "No explicit trainable cached-state path was found. Expose a configuration such as "
            "detach_cached_states=False or trainable_memory=True."
        )
E       AssertionError: No explicit trainable cached-state path was found. Expose a configuration such as detach_cached_states=False or trainable_memory=True.
E       assert False

tests/test_section14_required.py:333: AssertionError</failure></testcase><testcase classname="tests.test_section14_required" name="test_14_13_memory_reset_between_unrelated_sequences" time="0.313"><failure message="section14_runtime.Section14DiscoveryError: No compatible synthetic input was found for the discovered model. Attempts:&#10;shape=(2, 10), dtype=torch.int64: ValueError: inputs must have shape [batch, sequence, input_dim]&#10;shape=(2, 10, 16), dtype=torch.float32: ValueError: Expected input_dim=8, received 16&#10;shape=(2, 10, 16), dtype=torch.float32: ValueError: Expected input_dim=8, received 16&#10;shape=(10, 2), dtype=torch.int64: ValueError: inputs must have shape [batch, sequence, input_dim]&#10;shape=(10, 2, 16), dtype=torch.float32: ValueError: Expected input_dim=8, received 16">def test_14_13_memory_reset_between_unrelated_sequences() -&gt; None:
        model = build_model(seed=2026, budget=4)
        model.eval()
        encourage_writes(model)
&gt;       x = compatible_input(model, seq_len=10)
            ^^^^^^^^^^^^^^^^^^^^^^^^^^^^^^^^^^^

tests/test_section14_required.py:361: 
_ _ _ _ _ _ _ _ _ _ _ _ _ _ _ _ _ _ _ _ _ _ _ _ _ _ _ _ _ _ _ _ _ _ _ _ _ _ _ _ 

model = BudgetMemR(
  (recurrent_cell): GRUCell(8, 16)
  (key_projection): Linear(in_features=16, out_features=8, bias=False)
...ures=64, bias=True)
    (1): SiLU()
    (2): Linear(in_features=64, out_features=1, bias=True)
    (3): Sigmoid()
  )
)
seq_len = 10

    def compatible_input(model: nn.Module, seq_len: int = 12) -&gt; Tensor:
        failures: list[str] = []
        for x in _candidate_inputs(model, seq_len=seq_len):
            try:
                reset_memory(model, require=False)
                with torch.no_grad():
                    invoke(model, x, reset=True)
                return x
            except Exception as exc:
                failures.append(f"shape={tuple(x.shape)}, dtype={x.dtype}: {type(exc).__name__}: {exc}")
&gt;       raise Section14DiscoveryError(
            "No compatible synthetic input was found for the discovered model. Attempts:\n"
            + "\n".join(failures)
        )
E       section14_runtime.Section14DiscoveryError: No compatible synthetic input was found for the discovered model. Attempts:
E       shape=(2, 10), dtype=torch.int64: ValueError: inputs must have shape [batch, sequence, input_dim]
E       shape=(2, 10, 16), dtype=torch.float32: ValueError: Expected input_dim=8, received 16
E       shape=(2, 10, 16), dtype=torch.float32: ValueError: Expected input_dim=8, received 16
E       shape=(10, 2), dtype=torch.int64: ValueError: inputs must have shape [batch, sequence, input_dim]
E       shape=(10, 2, 16), dtype=torch.float32: ValueError: Expected input_dim=8, received 16

tests/section14_runtime.py:438: Section14DiscoveryError</failure></testcase><testcase classname="tests.models.test_budgetmem_r" name="test_strict_budget_is_never_violated" time="0.114"><failure message="TypeError: BudgetMemR.__init__() got an unexpected keyword argument 'allowed_budgets'">def test_strict_budget_is_never_violated() -&gt; None:
        torch.manual_seed(2026)
&gt;       model = _model().eval()
                ^^^^^^^^

tests/models/test_budgetmem_r.py:32: 
_ _ _ _ _ _ _ _ _ _ _ _ _ _ _ _ _ _ _ _ _ _ _ _ _ _ _ _ _ _ _ _ _ _ _ _ _ _ _ _ 

overrides = {}

    def _model(**overrides: object) -&gt; BudgetMemR:
        config: dict[str, object] = {
            "input_dim": 6,
            "hidden_dim": 12,
            "output_dim": 3,
            "max_budget": 5,
            "allowed_budgets": (1, 2, 3, 4, 5),
            "key_dim": 8,
            "value_dim": 10,
            "retrieval_k": 2,
            "write_threshold": 0.0,
        }
        config.update(overrides)
&gt;       return BudgetMemR(**config)
               ^^^^^^^^^^^^^^^^^^^^
E       TypeError: BudgetMemR.__init__() got an unexpected keyword argument 'allowed_budgets'

tests/models/test_budgetmem_r.py:27: TypeError</failure></testcase><testcase classname="tests.models.test_budgetmem_r" name="test_eval_is_deterministic" time="0.100"><failure message="TypeError: BudgetMemR.__init__() got an unexpected keyword argument 'allowed_budgets'">def test_eval_is_deterministic() -&gt; None:
        torch.manual_seed(2026)
&gt;       model = _model(write_threshold=0.5).eval()
                ^^^^^^^^^^^^^^^^^^^^^^^^^^^

tests/models/test_budgetmem_r.py:45: 
_ _ _ _ _ _ _ _ _ _ _ _ _ _ _ _ _ _ _ _ _ _ _ _ _ _ _ _ _ _ _ _ _ _ _ _ _ _ _ _ 

overrides = {'write_threshold': 0.5}

    def _model(**overrides: object) -&gt; BudgetMemR:
        config: dict[str, object] = {
            "input_dim": 6,
            "hidden_dim": 12,
            "output_dim": 3,
            "max_budget": 5,
            "allowed_budgets": (1, 2, 3, 4, 5),
            "key_dim": 8,
            "value_dim": 10,
            "retrieval_k": 2,
            "write_threshold": 0.0,
        }
        config.update(overrides)
&gt;       return BudgetMemR(**config)
               ^^^^^^^^^^^^^^^^^^^^
E       TypeError: BudgetMemR.__init__() got an unexpected keyword argument 'allowed_budgets'

tests/models/test_budgetmem_r.py:27: TypeError</failure></testcase><testcase classname="tests.models.test_budgetmem_r" name="test_training_loss_backpropagates_to_write_controller" time="0.105"><failure message="TypeError: BudgetMemR.__init__() got an unexpected keyword argument 'allowed_budgets'">def test_training_loss_backpropagates_to_write_controller() -&gt; None:
        torch.manual_seed(2026)
&gt;       model = _model(write_threshold=0.0).train()
                ^^^^^^^^^^^^^^^^^^^^^^^^^^^

tests/models/test_budgetmem_r.py:64: 
_ _ _ _ _ _ _ _ _ _ _ _ _ _ _ _ _ _ _ _ _ _ _ _ _ _ _ _ _ _ _ _ _ _ _ _ _ _ _ _ 

overrides = {'write_threshold': 0.0}

    def _model(**overrides: object) -&gt; BudgetMemR:
        config: dict[str, object] = {
            "input_dim": 6,
            "hidden_dim": 12,
            "output_dim": 3,
            "max_budget": 5,
            "allowed_budgets": (1, 2, 3, 4, 5),
            "key_dim": 8,
            "value_dim": 10,
            "retrieval_k": 2,
            "write_threshold": 0.0,
        }
        config.update(overrides)
&gt;       return BudgetMemR(**config)
               ^^^^^^^^^^^^^^^^^^^^
E       TypeError: BudgetMemR.__init__() got an unexpected keyword argument 'allowed_budgets'

tests/models/test_budgetmem_r.py:27: TypeError</failure></testcase><testcase classname="tests.pretraining.test_budget_and_causality" name="test_memory_never_exceeds_configured_budget_at_any_forward_step" time="0.037"><failure message="TypeError: BudgetMemR.__init__() got an unexpected keyword argument 'allowed_budgets'">overrides = {}

    def build_budgetmem_model(**overrides: object) -&gt; nn.Module:
        """Build the exact small BudgetMem-R model used by Section 13 tests."""
        module = _load_section13_test_module()
        factory = getattr(module, "_model", None)
        if factory is None:
            raise AttributeError(
                "tests/models/test_budgetmem_r.py must expose the Section 13 "
                "_model test factory"
            )
    
        try:
&gt;           model = factory(**overrides)
                    ^^^^^^^^^^^^^^^^^^^^

tests/pretraining/conftest.py:47: 
_ _ _ _ _ _ _ _ _ _ _ _ _ _ _ _ _ _ _ _ _ _ _ _ _ _ _ _ _ _ _ _ _ _ _ _ _ _ _ _ 

overrides = {}

    def _model(**overrides: object) -&gt; BudgetMemR:
        config: dict[str, object] = {
            "input_dim": 6,
            "hidden_dim": 12,
            "output_dim": 3,
            "max_budget": 5,
            "allowed_budgets": (1, 2, 3, 4, 5),
            "key_dim": 8,
            "value_dim": 10,
            "retrieval_k": 2,
            "write_threshold": 0.0,
        }
        config.update(overrides)
&gt;       return BudgetMemR(**config)
               ^^^^^^^^^^^^^^^^^^^^
E       TypeError: BudgetMemR.__init__() got an unexpected keyword argument 'allowed_budgets'

tests/models/test_budgetmem_r.py:27: TypeError

During handling of the above exception, another exception occurred:

    def test_memory_never_exceeds_configured_budget_at_any_forward_step() -&gt; None:
&gt;       model = build_budgetmem_model().eval()
                ^^^^^^^^^^^^^^^^^^^^^^^

tests/pretraining/test_budget_and_causality.py:15: 
_ _ _ _ _ _ _ _ _ _ _ _ _ _ _ _ _ _ _ _ _ _ _ _ _ _ _ _ _ _ _ _ _ _ _ _ _ _ _ _ 
tests/pretraining/conftest.py:51: in build_budgetmem_model
    model = factory()
            ^^^^^^^^^
_ _ _ _ _ _ _ _ _ _ _ _ _ _ _ _ _ _ _ _ _ _ _ _ _ _ _ _ _ _ _ _ _ _ _ _ _ _ _ _ 

overrides = {}

    def _model(**overrides: object) -&gt; BudgetMemR:
        config: dict[str, object] = {
            "input_dim": 6,
            "hidden_dim": 12,
            "output_dim": 3,
            "max_budget": 5,
            "allowed_budgets": (1, 2, 3, 4, 5),
            "key_dim": 8,
            "value_dim": 10,
            "retrieval_k": 2,
            "write_threshold": 0.0,
        }
        config.update(overrides)
&gt;       return BudgetMemR(**config)
               ^^^^^^^^^^^^^^^^^^^^
E       TypeError: BudgetMemR.__init__() got an unexpected keyword argument 'allowed_budgets'

tests/models/test_budgetmem_r.py:27: TypeError</failure></testcase><testcase classname="tests.pretraining.test_budget_and_causality" name="test_future_tokens_do_not_change_earlier_memory_decisions" time="0.002"><failure message="TypeError: BudgetMemR.__init__() got an unexpected keyword argument 'allowed_budgets'">overrides = {}

    def build_budgetmem_model(**overrides: object) -&gt; nn.Module:
        """Build the exact small BudgetMem-R model used by Section 13 tests."""
        module = _load_section13_test_module()
        factory = getattr(module, "_model", None)
        if factory is None:
            raise AttributeError(
                "tests/models/test_budgetmem_r.py must expose the Section 13 "
                "_model test factory"
            )
    
        try:
&gt;           model = factory(**overrides)
                    ^^^^^^^^^^^^^^^^^^^^

tests/pretraining/conftest.py:47: 
_ _ _ _ _ _ _ _ _ _ _ _ _ _ _ _ _ _ _ _ _ _ _ _ _ _ _ _ _ _ _ _ _ _ _ _ _ _ _ _ 

overrides = {}

    def _model(**overrides: object) -&gt; BudgetMemR:
        config: dict[str, object] = {
            "input_dim": 6,
            "hidden_dim": 12,
            "output_dim": 3,
            "max_budget": 5,
            "allowed_budgets": (1, 2, 3, 4, 5),
            "key_dim": 8,
            "value_dim": 10,
            "retrieval_k": 2,
            "write_threshold": 0.0,
        }
        config.update(overrides)
&gt;       return BudgetMemR(**config)
               ^^^^^^^^^^^^^^^^^^^^
E       TypeError: BudgetMemR.__init__() got an unexpected keyword argument 'allowed_budgets'

tests/models/test_budgetmem_r.py:27: TypeError

During handling of the above exception, another exception occurred:

    def test_future_tokens_do_not_change_earlier_memory_decisions() -&gt; None:
&gt;       model = build_budgetmem_model().eval()
                ^^^^^^^^^^^^^^^^^^^^^^^

tests/pretraining/test_budget_and_causality.py:35: 
_ _ _ _ _ _ _ _ _ _ _ _ _ _ _ _ _ _ _ _ _ _ _ _ _ _ _ _ _ _ _ _ _ _ _ _ _ _ _ _ 
tests/pretraining/conftest.py:51: in build_budgetmem_model
    model = factory()
            ^^^^^^^^^
_ _ _ _ _ _ _ _ _ _ _ _ _ _ _ _ _ _ _ _ _ _ _ _ _ _ _ _ _ _ _ _ _ _ _ _ _ _ _ _ 

overrides = {}

    def _model(**overrides: object) -&gt; BudgetMemR:
        config: dict[str, object] = {
            "input_dim": 6,
            "hidden_dim": 12,
            "output_dim": 3,
            "max_budget": 5,
            "allowed_budgets": (1, 2, 3, 4, 5),
            "key_dim": 8,
            "value_dim": 10,
            "retrieval_k": 2,
            "write_threshold": 0.0,
        }
        config.update(overrides)
&gt;       return BudgetMemR(**config)
               ^^^^^^^^^^^^^^^^^^^^
E       TypeError: BudgetMemR.__init__() got an unexpected keyword argument 'allowed_budgets'

tests/models/test_budgetmem_r.py:27: TypeError</failure></testcase><testcase classname="tests.pretraining.test_determinism" name="test_same_seed_and_configuration_produce_identical_synthetic_example" time="0.027" /><testcase classname="tests.pretraining.test_determinism" name="test_same_seed_produces_identical_model_initialization_and_evaluation" time="0.104"><failure message="TypeError: BudgetMemR.__init__() got an unexpected keyword argument 'allowed_budgets'">overrides = {}

    def build_budgetmem_model(**overrides: object) -&gt; nn.Module:
        """Build the exact small BudgetMem-R model used by Section 13 tests."""
        module = _load_section13_test_module()
        factory = getattr(module, "_model", None)
        if factory is None:
            raise AttributeError(
                "tests/models/test_budgetmem_r.py must expose the Section 13 "
                "_model test factory"
            )
    
        try:
&gt;           model = factory(**overrides)
                    ^^^^^^^^^^^^^^^^^^^^

tests/pretraining/conftest.py:47: 
_ _ _ _ _ _ _ _ _ _ _ _ _ _ _ _ _ _ _ _ _ _ _ _ _ _ _ _ _ _ _ _ _ _ _ _ _ _ _ _ 

overrides = {}

    def _model(**overrides: object) -&gt; BudgetMemR:
        config: dict[str, object] = {
            "input_dim": 6,
            "hidden_dim": 12,
            "output_dim": 3,
            "max_budget": 5,
            "allowed_budgets": (1, 2, 3, 4, 5),
            "key_dim": 8,
            "value_dim": 10,
            "retrieval_k": 2,
            "write_threshold": 0.0,
        }
        config.update(overrides)
&gt;       return BudgetMemR(**config)
               ^^^^^^^^^^^^^^^^^^^^
E       TypeError: BudgetMemR.__init__() got an unexpected keyword argument 'allowed_budgets'

tests/models/test_budgetmem_r.py:27: TypeError

During handling of the above exception, another exception occurred:

    def test_same_seed_produces_identical_model_initialization_and_evaluation() -&gt; None:
        seed_everything(2026)
&gt;       first_model = build_budgetmem_model().eval()
                      ^^^^^^^^^^^^^^^^^^^^^^^

tests/pretraining/test_determinism.py:66: 
_ _ _ _ _ _ _ _ _ _ _ _ _ _ _ _ _ _ _ _ _ _ _ _ _ _ _ _ _ _ _ _ _ _ _ _ _ _ _ _ 
tests/pretraining/conftest.py:51: in build_budgetmem_model
    model = factory()
            ^^^^^^^^^
_ _ _ _ _ _ _ _ _ _ _ _ _ _ _ _ _ _ _ _ _ _ _ _ _ _ _ _ _ _ _ _ _ _ _ _ _ _ _ _ 

overrides = {}

    def _model(**overrides: object) -&gt; BudgetMemR:
        config: dict[str, object] = {
            "input_dim": 6,
            "hidden_dim": 12,
            "output_dim": 3,
            "max_budget": 5,
            "allowed_budgets": (1, 2, 3, 4, 5),
            "key_dim": 8,
            "value_dim": 10,
            "retrieval_k": 2,
            "write_threshold": 0.0,
        }
        config.update(overrides)
&gt;       return BudgetMemR(**config)
               ^^^^^^^^^^^^^^^^^^^^
E       TypeError: BudgetMemR.__init__() got an unexpected keyword argument 'allowed_budgets'

tests/models/test_budgetmem_r.py:27: TypeError</failure></testcase><testcase classname="tests.pretraining.test_determinism" name="test_same_seed_produces_identical_training_order" time="0.009" /><testcase classname="tests.pretraining.test_gradient_and_reset" name="test_memory_controllers_receive_gradients_and_graph_policy_is_explicit" time="0.118"><failure message="TypeError: BudgetMemR.__init__() got an unexpected keyword argument 'allowed_budgets'">overrides = {}

    def build_budgetmem_model(**overrides: object) -&gt; nn.Module:
        """Build the exact small BudgetMem-R model used by Section 13 tests."""
        module = _load_section13_test_module()
        factory = getattr(module, "_model", None)
        if factory is None:
            raise AttributeError(
                "tests/models/test_budgetmem_r.py must expose the Section 13 "
                "_model test factory"
            )
    
        try:
&gt;           model = factory(**overrides)
                    ^^^^^^^^^^^^^^^^^^^^

tests/pretraining/conftest.py:47: 
_ _ _ _ _ _ _ _ _ _ _ _ _ _ _ _ _ _ _ _ _ _ _ _ _ _ _ _ _ _ _ _ _ _ _ _ _ _ _ _ 

overrides = {}

    def _model(**overrides: object) -&gt; BudgetMemR:
        config: dict[str, object] = {
            "input_dim": 6,
            "hidden_dim": 12,
            "output_dim": 3,
            "max_budget": 5,
            "allowed_budgets": (1, 2, 3, 4, 5),
            "key_dim": 8,
            "value_dim": 10,
            "retrieval_k": 2,
            "write_threshold": 0.0,
        }
        config.update(overrides)
&gt;       return BudgetMemR(**config)
               ^^^^^^^^^^^^^^^^^^^^
E       TypeError: BudgetMemR.__init__() got an unexpected keyword argument 'allowed_budgets'

tests/models/test_budgetmem_r.py:27: TypeError

During handling of the above exception, another exception occurred:

    def test_memory_controllers_receive_gradients_and_graph_policy_is_explicit() -&gt; None:
        # Test the write controller under its normal, nonsaturated initialization.
        torch.manual_seed(12000)
&gt;       write_model = build_budgetmem_model().train()
                      ^^^^^^^^^^^^^^^^^^^^^^^

tests/pretraining/test_gradient_and_reset.py:47: 
_ _ _ _ _ _ _ _ _ _ _ _ _ _ _ _ _ _ _ _ _ _ _ _ _ _ _ _ _ _ _ _ _ _ _ _ _ _ _ _ 
tests/pretraining/conftest.py:51: in build_budgetmem_model
    model = factory()
            ^^^^^^^^^
_ _ _ _ _ _ _ _ _ _ _ _ _ _ _ _ _ _ _ _ _ _ _ _ _ _ _ _ _ _ _ _ _ _ _ _ _ _ _ _ 

overrides = {}

    def _model(**overrides: object) -&gt; BudgetMemR:
        config: dict[str, object] = {
            "input_dim": 6,
            "hidden_dim": 12,
            "output_dim": 3,
            "max_budget": 5,
            "allowed_budgets": (1, 2, 3, 4, 5),
            "key_dim": 8,
            "value_dim": 10,
            "retrieval_k": 2,
            "write_threshold": 0.0,
        }
        config.update(overrides)
&gt;       return BudgetMemR(**config)
               ^^^^^^^^^^^^^^^^^^^^
E       TypeError: BudgetMemR.__init__() got an unexpected keyword argument 'allowed_budgets'

tests/models/test_budgetmem_r.py:27: TypeError</failure></testcase><testcase classname="tests.pretraining.test_gradient_and_reset" name="test_memory_is_reset_between_unrelated_forward_calls" time="0.002"><failure message="TypeError: BudgetMemR.__init__() got an unexpected keyword argument 'allowed_budgets'">overrides = {}

    def build_budgetmem_model(**overrides: object) -&gt; nn.Module:
        """Build the exact small BudgetMem-R model used by Section 13 tests."""
        module = _load_section13_test_module()
        factory = getattr(module, "_model", None)
        if factory is None:
            raise AttributeError(
                "tests/models/test_budgetmem_r.py must expose the Section 13 "
                "_model test factory"
            )
    
        try:
&gt;           model = factory(**overrides)
                    ^^^^^^^^^^^^^^^^^^^^

tests/pretraining/conftest.py:47: 
_ _ _ _ _ _ _ _ _ _ _ _ _ _ _ _ _ _ _ _ _ _ _ _ _ _ _ _ _ _ _ _ _ _ _ _ _ _ _ _ 

overrides = {}

    def _model(**overrides: object) -&gt; BudgetMemR:
        config: dict[str, object] = {
            "input_dim": 6,
            "hidden_dim": 12,
            "output_dim": 3,
            "max_budget": 5,
            "allowed_budgets": (1, 2, 3, 4, 5),
            "key_dim": 8,
            "value_dim": 10,
            "retrieval_k": 2,
            "write_threshold": 0.0,
        }
        config.update(overrides)
&gt;       return BudgetMemR(**config)
               ^^^^^^^^^^^^^^^^^^^^
E       TypeError: BudgetMemR.__init__() got an unexpected keyword argument 'allowed_budgets'

tests/models/test_budgetmem_r.py:27: TypeError

During handling of the above exception, another exception occurred:

    def test_memory_is_reset_between_unrelated_forward_calls() -&gt; None:
&gt;       model = build_budgetmem_model().eval()
                ^^^^^^^^^^^^^^^^^^^^^^^

tests/pretraining/test_gradient_and_reset.py:93: 
_ _ _ _ _ _ _ _ _ _ _ _ _ _ _ _ _ _ _ _ _ _ _ _ _ _ _ _ _ _ _ _ _ _ _ _ _ _ _ _ 
tests/pretraining/conftest.py:51: in build_budgetmem_model
    model = factory()
            ^^^^^^^^^
_ _ _ _ _ _ _ _ _ _ _ _ _ _ _ _ _ _ _ _ _ _ _ _ _ _ _ _ _ _ _ _ _ _ _ _ _ _ _ _ 

overrides = {}

    def _model(**overrides: object) -&gt; BudgetMemR:
        config: dict[str, object] = {
            "input_dim": 6,
            "hidden_dim": 12,
            "output_dim": 3,
            "max_budget": 5,
            "allowed_budgets": (1, 2, 3, 4, 5),
            "key_dim": 8,
            "value_dim": 10,
            "retrieval_k": 2,
            "write_threshold": 0.0,
        }
        config.update(overrides)
&gt;       return BudgetMemR(**config)
               ^^^^^^^^^^^^^^^^^^^^
E       TypeError: BudgetMemR.__init__() got an unexpected keyword argument 'allowed_budgets'

tests/models/test_budgetmem_r.py:27: TypeError</failure></testcase><testcase classname="tests.pretraining.test_split_leakage" name="test_synthetic_split_and_task_seeds_do_not_overlap" time="0.025" /><testcase classname="tests.pretraining.test_split_leakage" name="test_hdfs_block_ids_do_not_cross_splits" time="1.217" /><testcase classname="tests.pretraining.test_split_leakage" name="test_imdb_official_test_examples_are_not_in_train_or_validation" time="3.189" /><testcase classname="tests.tasks.test_delayed_xor" name="test_same_seed_produces_identical_output" time="0.135" /><testcase classname="tests.tasks.test_distractor_retrieval" name="test_same_configuration_is_deterministic[0-8]" time="0.005" /><testcase classname="tests.tasks.test_distractor_retrieval" name="test_same_configuration_is_deterministic[19-31]" time="0.008" /><testcase classname="tests.tasks.test_distractor_retrieval" name="test_same_configuration_is_deterministic[2026-128]" time="0.006" /><testcase classname="tests.test_budgetmem_r" name="test_hard_budget_is_never_violated_even_when_every_step_writes" time="0.307" /><testcase classname="tests.test_budgetmem_r" name="test_composite_objective_is_finite_and_controller_receives_gradient" time="0.324" /><testcase classname="tests.test_section12_baselines" name="test_recurrent_baselines_shape_and_gradient[model0]" time="0.013" /><testcase classname="tests.test_section12_baselines" name="test_recurrent_baselines_shape_and_gradient[model1]" time="0.012" /><testcase classname="tests.test_section12_baselines" name="test_recurrent_baselines_shape_and_gradient[model2]" time="0.204" /></testsuite></testsuites>